This file contains any messages produced by compilers while
running configure, to aid debugging if configure makes a mistake.

It was created by configure, which was
generated by GNU Autoconf 2.62.  Invocation command line was

  $ ./configure 

## --------- ##
## Platform. ##
## --------- ##

hostname = oberon
uname -m = i86pc
uname -r = 5.10
uname -s = SunOS
uname -v = Generic_137112-06

/usr/bin/uname -p = i386
/bin/uname -X     = System = SunOS
Node = oberon
Release = 5.10
KernelID = Generic_137112-06
Machine = i86pc
BusType = <unknown>
Serial = <unknown>
Users = <unknown>
OEM# = 0
Origin# = 1
NumCPU = 8

/bin/arch              = i86pc
/usr/bin/arch -k       = i86pc
/usr/convex/getsysinfo = unknown
/usr/bin/hostinfo      = unknown
/bin/machine           = unknown
/usr/bin/oslevel       = unknown
/bin/universe          = unknown

PATH: /opt/COSMA/bin/
PATH: /home/jch/bin/oberon/
PATH: /home/jch/bin/
PATH: /opt/SUNWhpc/bin/
PATH: /opt/SUNWsge/bin/sol-amd64
PATH: /opt/COSMA/bin
PATH: /opt/COSMA/pygtk/bin
PATH: /opt/studio12/SUNWspro/bin
PATH: /opt/SUNWhpc/bin
PATH: /usr/bin
PATH: /bin
PATH: /usr/ccs/bin
PATH: /usr/sfw/bin
PATH: /opt/sfw/bin
PATH: /opt/csw/bin
PATH: /opt/local/bin
PATH: /usr/ucb
PATH: /opt/local/hdf5/64/current/bin
PATH: /opt/local/sm/bin
PATH: /opt/local/R/bin
PATH: /usr/local/bin
PATH: /data/rw8/jch/healpix/Healpix_2.13a/bin
PATH: /opt/SUNWsge/bin/sol-amd64
PATH: /usr/bin
PATH: /opt/sun/n1gc/bin
PATH: /usr/local/bin
PATH: /opt/local/yorick/2.1/SunOS-i86pc/bin
PATH: /opt/SUNWsge/COSMA/common
PATH: /opt/ddt/2.4.1/bin
PATH: /opt/local/plplot/current/bin
PATH: /usr/openwin/bin
PATH: /opt/csw/bin
PATH: /opt/sfw/bin
PATH: /usr/sfw/bin
PATH: /opt/local/bin
PATH: /usr/local/bin
PATH: /opt/local/hdf5/64/current/bin/


## ----------- ##
## Core tests. ##
## ----------- ##

configure:2120: checking for a BSD-compatible install
configure:2188: result: /opt/sfw/bin/ginstall -c
configure:2199: checking whether build environment is sane

## ---------------- ##
## Cache variables. ##
## ---------------- ##

ac_cv_env_CAIRO_CFLAGS_set=
ac_cv_env_CAIRO_CFLAGS_value=
ac_cv_env_CAIRO_LIBS_set=
ac_cv_env_CAIRO_LIBS_value=
ac_cv_env_CC_set=
ac_cv_env_CC_value=
ac_cv_env_CFLAGS_set=
ac_cv_env_CFLAGS_value=
ac_cv_env_CPPFLAGS_set=
ac_cv_env_CPPFLAGS_value=
ac_cv_env_CPP_set=
ac_cv_env_CPP_value=
ac_cv_env_FCFLAGS_set=
ac_cv_env_FCFLAGS_value=
ac_cv_env_FC_set=
ac_cv_env_FC_value=
ac_cv_env_HDF5_CFLAGS_set=
ac_cv_env_HDF5_CFLAGS_value=
ac_cv_env_HDF5_LIBS_set=
ac_cv_env_HDF5_LIBS_value=
ac_cv_env_LDFLAGS_set=
ac_cv_env_LDFLAGS_value=
ac_cv_env_LIBPNG_CFLAGS_set=
ac_cv_env_LIBPNG_CFLAGS_value=
ac_cv_env_LIBPNG_LIBS_set=
ac_cv_env_LIBPNG_LIBS_value=
ac_cv_env_LIBS_set=
ac_cv_env_LIBS_value=
ac_cv_env_PKG_CONFIG_set=
ac_cv_env_PKG_CONFIG_value=
ac_cv_env_PLPLOT_CFLAGS_set=
ac_cv_env_PLPLOT_CFLAGS_value=
ac_cv_env_PLPLOT_LIBS_set=
ac_cv_env_PLPLOT_LIBS_value=
ac_cv_env_build_alias_set=
ac_cv_env_build_alias_value=
ac_cv_env_host_alias_set=
ac_cv_env_host_alias_value=
ac_cv_env_target_alias_set=
ac_cv_env_target_alias_value=
ac_cv_path_install='/opt/sfw/bin/ginstall -c'

## ----------------- ##
## Output variables. ##
## ----------------- ##

ACLOCAL=''
AMDEPBACKSLASH=''
AMDEP_FALSE=''
AMDEP_TRUE=''
AMTAR=''
AR=''
AUTOCONF=''
AUTOHEADER=''
AUTOMAKE=''
AWK=''
CAIRO_CFLAGS=''
CAIRO_LIBS=''
CC=''
CCDEPMODE=''
CFLAGS=''
CPP=''
CPPFLAGS=''
CYGPATH_W=''
DEFS=''
DEPDIR=''
DSYMUTIL=''
DUMPBIN=''
ECHO_C=''
ECHO_N='-n'
ECHO_T=''
EGREP=''
EXEEXT=''
FC=''
FCFLAGS=''
FCFLAGS_f90=''
FCLIBS=''
FGREP=''
GREP=''
GTK_CFLAGS=''
GTK_LIBS=''
HDF5_CFLAGS=''
HDF5_LIBS=''
INSTALL_DATA='${INSTALL} -m 644'
INSTALL_PROGRAM='${INSTALL}'
INSTALL_SCRIPT='${INSTALL}'
INSTALL_STRIP_PROGRAM=''
LD=''
LDFLAGS=''
LIBOBJS=''
LIBPNG_CFLAGS=''
LIBPNG_LIBS=''
LIBS=''
LIBTOOL=''
LN_S=''
LTLIBOBJS=''
MAINT=''
MAINTAINER_MODE_FALSE=''
MAINTAINER_MODE_TRUE=''
MAKEINFO=''
MKDIR_P=''
NM=''
NMEDIT=''
OBJEXT=''
PACKAGE=''
PACKAGE_BUGREPORT=''
PACKAGE_NAME=''
PACKAGE_STRING=''
PACKAGE_TARNAME=''
PACKAGE_VERSION=''
PATH_SEPARATOR=':'
PKG_CONFIG=''
PLPLOT_CFLAGS=''
PLPLOT_LIBS=''
RANLIB=''
SED=''
SET_MAKE=''
SHELL='/bin/bash'
STRIP=''
VERSION='1.0.1'
ac_ct_CC=''
ac_ct_DUMPBIN=''
ac_ct_FC=''
am__fastdepCC_FALSE=''
am__fastdepCC_TRUE=''
am__include=''
am__isrc=''
am__leading_dot=''
am__quote=''
am__tar=''
am__untar=''
ax_f90_modext=''
ax_f90_modflag=''
bindir='${exec_prefix}/bin'
build=''
build_alias=''
build_cpu=''
build_os=''
build_vendor=''
datadir='${datarootdir}'
datarootdir='${prefix}/share'
docdir='${datarootdir}/doc/${PACKAGE}'
dvidir='${docdir}'
exec_prefix='NONE'
host=''
host_alias=''
host_cpu=''
host_os=''
host_vendor=''
htmldir='${docdir}'
includedir='${prefix}/include'
infodir='${datarootdir}/info'
install_sh=''
libdir='${exec_prefix}/lib'
libexecdir='${exec_prefix}/libexec'
localedir='${datarootdir}/locale'
localstatedir='${prefix}/var'
lt_ECHO='echo'
mandir='${datarootdir}/man'
mkdir_p=''
oldincludedir='/usr/include'
pdfdir='${docdir}'
prefix='NONE'
program_transform_name='s,x,x,'
psdir='${docdir}'
sbindir='${exec_prefix}/sbin'
sharedstatedir='${prefix}/com'
sysconfdir='${prefix}/etc'
target_alias=''

## ----------- ##
## confdefs.h. ##
## ----------- ##

#define PACKAGE_NAME ""
#define PACKAGE_TARNAME ""
#define PACKAGE_VERSION ""
#define PACKAGE_STRING ""
#define PACKAGE_BUGREPORT ""

configure: caught signal 2
configure: exit 1
